idx = 11 | idx radius = 0
radius = 0
x = 0 0 0
y = 0 0 0
0 0 | 0 0 | 0 0
-------------------------------------------------
idx = 11 | idx radius = 0
radius = 0
x = 0 0 0
y = 0 0 0
0 0 | 0 0 | 0 0
-------------------------------------------------
idx = 11 | idx radius = 0
radius = 0
x = 0 0 0
y = 0 0 0
0 0 | 0 0 | 0 0
-------------------------------------------------
idx = 11 | idx radius = 0
radius = 0
x = 0 0 0
y = 0 0 0
0 0 | 0 0 | 0 0
-------------------------------------------------
idx = 11 | idx radius = 0
radius = 0
x = 0 0 0
y = 0 0 0
0 0 | 0 0 | 0 0
-------------------------------------------------
idx = 11 | idx radius = 0
radius = 0
x = 0 0 0
y = 0 0 0
0 0 | 0 0 | 0 0
-------------------------------------------------
idx = 11 | idx radius = 0
radius = 0
x = 0 0 0
y = 0 0 0
0 0 | 0 0 | 0 0
-------------------------------------------------
idx = 11 | idx radius = 0
radius = 0
x = 0 0 0
y = 0 0 0
0 0 | 0 0 | 0 0
-------------------------------------------------
idx = 11 | idx radius = 0
radius = 0
x = 0 0 0
y = 0 0 0
0 0 | 0 0 | 0 0
-------------------------------------------------
idx = 11 | idx radius = 0
radius = 0
x = 0 0 0
y = 0 0 0
0 0 | 0 0 | 0 0
-------------------------------------------------
idx = 11 | idx radius = 0
radius = 0
x = 0 0 0
y = 0 0 0
0 0 | 0 0 | 0 0
-------------------------------------------------
idx = 11 | idx radius = 0
radius = 0
x = 0 0 0
y = 0 0 0
0 0 | 0 0 | 0 0
-------------------------------------------------
idx = 11 | idx radius = 0
radius = 0
x = 0 0 0
y = 0 0 0
0 0 | 0 0 | 0 0
-------------------------------------------------
idx = 11 | idx radius = 0
radius = 0
x = 0 0 0
y = 0 0 0
0 0 | 0 0 | 0 0
-------------------------------------------------
idx = 11 | idx radius = 0
radius = 0
x = 0 0 0
y = 0 0 0
0 0 | 0 0 | 0 0
-------------------------------------------------
idx = 11 | idx radius = 0
radius = 0
x = 0 0 0
y = 0 0 0
0 0 | 0 0 | 0 0
-------------------------------------------------
idx = 11 | idx radius = 0
radius = 0
x = 0 0 0
y = 0 0 0
0 0 | 0 0 | 0 0
-------------------------------------------------
idx = 11 | idx radius = 0
radius = 0
x = 0 0 0
y = 0 0 0
0 0 | 0 0 | 0 0
-------------------------------------------------
idx = 14 | idx radius = 5
radius = 20
x = 1 0 1
y = 1 0 1
840 663 | 6 6 | 542 93
-------------------------------------------------
idx = 14 | idx radius = 5
radius = 20
x = 1 0 1
y = 1 0 1
840 663 | 6 6 | 543 94
-------------------------------------------------
idx = 14 | idx radius = 5
radius = 20
x = 1 0 1
y = 1 0 1
840 663 | 6 6 | 545 96
-------------------------------------------------
idx = 14 | idx radius = 5
radius = 20
x = 1 0 1
y = 1 0 1
840 663 | 6 6 | 548 99
-------------------------------------------------
idx = 14 | idx radius = 5
radius = 20
x = 1 0 1
y = 1 0 1
840 663 | 6 6 | 552 103
-------------------------------------------------
idx = 14 | idx radius = 5
radius = 20
x = 1 0 1
y = 1 0 1
840 663 | 6 6 | 557 108
-------------------------------------------------
idx = 14 | idx radius = 5
radius = 20
x = 1 0 1
y = 1 0 1
840 663 | 6 6 | 563 114
-------------------------------------------------
idx = 14 | idx radius = 5
radius = 20
x = 1 0 1
y = 1 0 1
840 663 | 6 6 | 570 121
-------------------------------------------------
idx = 14 | idx radius = 5
radius = 20
x = 1 0 1
y = 1 0 1
840 663 | 6 6 | 578 129
-------------------------------------------------
idx = 14 | idx radius = 5
radius = 20
x = 1 0 1
y = 1 0 1
840 663 | 6 6 | 587 138
-------------------------------------------------
idx = 14 | idx radius = 5
radius = 20
x = 1 0 1
y = 1 0 1
840 663 | 6 6 | 597 148
-------------------------------------------------
idx = 14 | idx radius = 5
radius = 20
x = 1 0 1
y = 1 0 1
840 663 | 6 6 | 608 159
-------------------------------------------------
idx = 14 | idx radius = 5
radius = 20
x = 1 0 1
y = 1 0 1
840 663 | 6 6 | 620 171
-------------------------------------------------
idx = 15 | idx radius = 3
radius = 20
x = 1 0 1
y = 1 0 1
915 622 | 6 6 | 633 184
-------------------------------------------------
idx = 15 | idx radius = 3
radius = 20
x = 1 0 1
y = 1 0 1
915 622 | 6 6 | 647 198
-------------------------------------------------
idx = 15 | idx radius = 3
radius = 20
x = 1 0 1
y = 1 0 1
915 622 | 6 6 | 662 213
-------------------------------------------------
idx = 15 | idx radius = 3
radius = 20
x = 1 0 -1
y = 1 0 1
915 622 | 4 6 | 678 229
-------------------------------------------------
idx = 15 | idx radius = 3
radius = 20
x = 1 0 -1
y = 1 0 1
915 622 | 4 6 | 695 246
-------------------------------------------------
idx = 15 | idx radius = 3
radius = 20
x = 1 0 -1
y = 1 0 1
915 622 | 4 6 | 713 264
-------------------------------------------------
idx = 15 | idx radius = 3
radius = 20
x = 1 0 -1
y = 1 0 -1
915 622 | 4 4 | 732 283
-------------------------------------------------
idx = 15 | idx radius = 3
radius = 20
x = 1 0 -1
y = 1 0 -1
915 622 | 4 4 | 752 303
-------------------------------------------------
idx = 15 | idx radius = 3
radius = 20
x = 1 0 -1
y = 1 0 -1
915 622 | 4 4 | 773 324
-------------------------------------------------
idx = 15 | idx radius = 3
radius = 20
x = 1 0 -1
y = 1 0 -1
915 622 | 4 4 | 795 346
-------------------------------------------------
idx = 15 | idx radius = 3
radius = 20
x = 1 0 -1
y = 1 0 -1
915 622 | 4 4 | 818 369
-------------------------------------------------
idx = 15 | idx radius = 3
radius = 20
x = 1 0 -1
y = -1 0 -1
915 622 | 4 -6 | 842 393
-------------------------------------------------
idx = 15 | idx radius = 3
radius = 20
x = 1 0 -1
y = -1 0 -1
915 622 | 4 -6 | 867 416
-------------------------------------------------
idx = 15 | idx radius = 3
radius = 20
x = 1 0 -1
y = -1 0 -1
915 622 | 4 -6 | 893 438
-------------------------------------------------
idx = 15 | idx radius = 3
radius = 20
x = -1 0 -1
y = 1 0 -1
915 622 | -6 4 | 920 459
-------------------------------------------------
idx = 15 | idx radius = 3
radius = 20
x = 1 0 -1
y = -1 0 -1
915 622 | 4 -6 | 946 481
-------------------------------------------------
idx = 15 | idx radius = 3
radius = 20
x = -1 0 -1
y = -1 0 -1
915 622 | -6 -6 | 973 502
-------------------------------------------------
idx = 15 | idx radius = 3
radius = 20
x = -1 0 -1
y = -1 0 -1
915 622 | -6 -6 | 999 522
-------------------------------------------------
idx = 15 | idx radius = 3
radius = 20
x = -1 0 -1
y = 1 0 -1
915 622 | -6 4 | 1024 541
-------------------------------------------------
idx = 15 | idx radius = 3
radius = 20
x = 1 0 -1
y = -1 0 -1
915 622 | 4 -6 | 1048 561
-------------------------------------------------
idx = 15 | idx radius = 3
radius = 20
x = -1 0 -1
y = -1 0 -1
915 622 | -6 -6 | 1073 580
-------------------------------------------------
idx = 15 | idx radius = 3
radius = 20
x = -1 0 -1
y = -1 0 -1
915 622 | -6 -6 | 1097 598
-------------------------------------------------
idx = 15 | idx radius = 3
radius = 20
x = -1 0 -1
y = 1 0 -1
915 622 | -6 4 | 1120 615
-------------------------------------------------
idx = 15 | idx radius = 3
radius = 20
x = -1 0 -1
y = -1 0 -1
915 622 | -6 -6 | 1142 633
-------------------------------------------------
idx = 15 | idx radius = 3
radius = 20
x = 1 0 -1
y = -1 0 -1
915 622 | 4 -6 | 1163 650
-------------------------------------------------
idx = 11 | idx radius = 5
radius = 20
x = -1 0 -1
y = -1 0 -1
995 840 | -6 -6 | 1185 666
-------------------------------------------------
idx = 11 | idx radius = 5
radius = 20
x = -1 0 -1
y = 1 0 -1
995 840 | -6 4 | 1206 681
-------------------------------------------------
idx = 13 | idx radius = 1
radius = 20
x = -1 0 -1
y = -1 0 -1
1494 727 | -6 -6 | 1226 697
-------------------------------------------------
idx = 13 | idx radius = 1
radius = 20
x = 1 0 -1
y = -1 0 -1
1494 727 | 4 -6 | 1245 712
-------------------------------------------------
idx = 13 | idx radius = 1
radius = 20
x = -1 0 -1
y = -1 0 -1
1494 727 | -6 -6 | 1265 726
-------------------------------------------------
idx = 13 | idx radius = 1
radius = 20
x = -1 0 -1
y = -1 0 -1
1494 727 | -6 -6 | 1284 739
-------------------------------------------------
idx = 13 | idx radius = 1
radius = 20
x = -1 0 -1
y = 1 0 -1
1494 727 | -6 4 | 1302 751
-------------------------------------------------
idx = 13 | idx radius = 1
radius = 20
x = 1 0 -1
y = -1 0 -1
1494 727 | 4 -6 | 1319 764
-------------------------------------------------
idx = 13 | idx radius = 1
radius = 20
x = -1 0 -1
y = -1 0 -1
1494 727 | -6 -6 | 1337 776
-------------------------------------------------
idx = 13 | idx radius = 1
radius = 20
x = -1 0 -1
y = -1 0 -1
1494 727 | -6 -6 | 1354 787
-------------------------------------------------
idx = 13 | idx radius = 1
radius = 20
x = -1 0 -1
y = -1 0 -1
1494 727 | -6 -6 | 1370 797
-------------------------------------------------
idx = 13 | idx radius = 1
radius = 20
x = -1 0 -1
y = 1 0 -1
1494 727 | -6 4 | 1385 806
-------------------------------------------------
idx = 13 | idx radius = 1
radius = 20
x = 1 0 -1
y = -1 0 -1
1494 727 | 4 -6 | 1399 816
-------------------------------------------------
idx = 13 | idx radius = 1
radius = 20
x = -1 0 -1
y = -1 0 -1
1494 727 | -6 -6 | 1414 825
-------------------------------------------------
idx = 13 | idx radius = 1
radius = 20
x = -1 0 -1
y = -1 0 -1
1494 727 | -6 -6 | 1428 833
-------------------------------------------------
idx = 13 | idx radius = 1
radius = 20
x = -1 0 -1
y = 1 0 -1
1494 727 | -6 4 | 1441 840
-------------------------------------------------
idx = 13 | idx radius = 1
radius = 20
x = 1 0 -1
y = -1 0 -1
1494 727 | 4 -6 | 1453 848
-------------------------------------------------
idx = 13 | idx radius = 1
radius = 20
x = -1 0 -1
y = -1 0 -1
1494 727 | -6 -6 | 1466 855
-------------------------------------------------
idx = 13 | idx radius = 1
radius = 20
x = -1 0 -1
y = -1 0 -1
1494 727 | -6 -6 | 1478 861
-------------------------------------------------
idx = 13 | idx radius = 1
radius = 20
x = -1 0 -1
y = -1 0 -1
1494 727 | -6 -6 | 1489 866
-------------------------------------------------
idx = 13 | idx radius = 1
radius = 20
x = -1 0 -1
y = -1 0 -1
1494 727 | -6 -6 | 1499 870
-------------------------------------------------
idx = 13 | idx radius = 1
radius = 20
x = 1 0 -1
y = 1 0 -1
1494 727 | 4 4 | 1508 873
-------------------------------------------------
idx = 13 | idx radius = 1
radius = 20
x = -1 0 -1
y = -1 0 -1
1494 727 | -6 -6 | 1518 877
-------------------------------------------------
idx = 13 | idx radius = 1
radius = 20
x = -1 0 -1
y = -1 0 -1
1494 727 | -6 -6 | 1527 880
-------------------------------------------------
idx = 13 | idx radius = 1
radius = 19
x = 1 0 -1
y = -1 0 -1
1494 727 | 4 -6 | 1535 878
-------------------------------------------------
idx = 13 | idx radius = 1
radius = 19
x = 1 0 -1
y = -1 0 -1
1494 727 | 4 -6 | 1540 876
-------------------------------------------------
idx = 13 | idx radius = 1
radius = 19
x = 1 0 -1
y = -1 0 -1
1494 727 | 4 -6 | 1546 873
-------------------------------------------------
idx = 13 | idx radius = 1
radius = 19
x = -1 0 -1
y = -1 0 -1
1494 727 | -6 -6 | 1553 869
-------------------------------------------------
idx = 13 | idx radius = 1
radius = 19
x = -1 0 -1
y = -1 0 -1
1494 727 | -6 -6 | 1559 864
-------------------------------------------------
idx = 13 | idx radius = 1
radius = 19
x = -1 0 -1
y = -1 0 -1
1494 727 | -6 -6 | 1564 858
-------------------------------------------------
idx = 13 | idx radius = 1
radius = 19
x = 1 0 -1
y = -1 0 -1
1494 727 | 4 -6 | 1568 851
-------------------------------------------------
idx = 13 | idx radius = 1
radius = 19
x = -1 0 -1
y = -1 0 -1
1494 727 | -6 -6 | 1573 843
-------------------------------------------------
idx = 13 | idx radius = 1
radius = 19
x = -1 0 -1
y = -1 0 -1
1494 727 | -6 -6 | 1577 834
-------------------------------------------------
idx = 13 | idx radius = 1
radius = 19
x = -1 0 -1
y = -1 0 1
1494 727 | -6 -4 | 1580 824
-------------------------------------------------
idx = 13 | idx radius = 1
radius = 18
x = -1 0 -1
y = -1 0 -1
1494 727 | -6 -6 | 1580 813
-------------------------------------------------
idx = 13 | idx radius = 1
radius = 18
x = -1 0 -1
y = -1 0 -1
1494 727 | -6 -6 | 1578 807
-------------------------------------------------
idx = 13 | idx radius = 1
radius = 18
x = -1 0 -1
y = -1 0 -1
1494 727 | -6 -6 | 1575 800
-------------------------------------------------
idx = 13 | idx radius = 1
radius = 18
x = -1 0 -1
y = -1 0 -1
1494 727 | -6 -6 | 1571 792
-------------------------------------------------
idx = 13 | idx radius = 1
radius = 18
x = -1 0 -1
y = -1 0 1
1494 727 | -6 -4 | 1566 783
-------------------------------------------------
idx = 13 | idx radius = 1
radius = 18
x = -1 0 -1
y = -1 0 1
1494 727 | -6 -4 | 1560 773
-------------------------------------------------
idx = 13 | idx radius = 1
radius = 18
x = -1 0 -1
y = -1 0 1
1494 727 | -6 -4 | 1553 762
-------------------------------------------------
idx = 13 | idx radius = 1
radius = 18
x = -1 0 1
y = -1 0 1
1494 727 | -4 -4 | 1545 750
-------------------------------------------------
idx = 13 | idx radius = 1
radius = 18
x = -1 0 1
y = -1 0 1
1494 727 | -4 -4 | 1536 737
-------------------------------------------------
idx = 13 | idx radius = 1
radius = 18
x = -1 0 1
y = -1 0 1
1494 727 | -4 -4 | 1526 723
-------------------------------------------------
idx = 13 | idx radius = 1
radius = 18
x = -1 0 1
y = -1 0 1
1494 727 | -4 -4 | 1515 708
-------------------------------------------------
idx = 13 | idx radius = 1
radius = 18
x = -1 0 1
y = -1 0 1
1494 727 | -4 -4 | 1503 692
-------------------------------------------------
idx = 13 | idx radius = 1
radius = 18
x = -1 0 1
y = -1 0 1
1494 727 | -4 -4 | 1490 675
-------------------------------------------------
idx = 13 | idx radius = 1
radius = 18
x = -1 0 1
y = -1 0 1
1494 727 | -4 -4 | 1476 657
-------------------------------------------------
idx = 13 | idx radius = 1
radius = 18
x = -1 0 1
y = -1 0 1
1494 727 | -4 -4 | 1461 638
-------------------------------------------------
idx = 13 | idx radius = 1
radius = 18
x = -1 0 1
y = -1 0 1
1494 727 | -4 -4 | 1445 618
-------------------------------------------------
idx = 13 | idx radius = 1
radius = 18
x = -1 0 1
y = -1 0 1
1494 727 | -4 -4 | 1428 597
-------------------------------------------------
idx = 13 | idx radius = 1
radius = 18
x = -1 0 1
y = -1 0 1
1494 727 | -4 -4 | 1410 575
-------------------------------------------------
idx = 13 | idx radius = 1
radius = 18
x = -1 0 1
y = -1 0 1
1494 727 | -4 -4 | 1391 552
-------------------------------------------------
idx = 13 | idx radius = 1
radius = 18
x = -1 0 1
y = 1 0 1
1494 727 | -4 6 | 1371 528
-------------------------------------------------
idx = 13 | idx radius = 1
radius = 18
x = -1 0 1
y = -1 0 1
1494 727 | -4 -4 | 1350 505
-------------------------------------------------
idx = 13 | idx radius = 1
radius = 18
x = -1 0 1
y = 1 0 1
1494 727 | -4 6 | 1328 481
-------------------------------------------------
idx = 13 | idx radius = 1
radius = 18
x = -1 0 1
y = 1 0 1
1494 727 | -4 6 | 1305 458
-------------------------------------------------
idx = 13 | idx radius = 1
radius = 18
x = -1 0 1
y = 1 0 1
1494 727 | -4 6 | 1281 436
-------------------------------------------------
idx = 13 | idx radius = 1
radius = 18
x = -1 0 1
y = 1 0 1
1494 727 | -4 6 | 1256 415
-------------------------------------------------
idx = 15 | idx radius = 3
radius = 18
x = -1 0 1
y = -1 0 1
915 622 | -4 -4 | 1230 395
-------------------------------------------------
idx = 15 | idx radius = 3
radius = 18
x = -1 0 1
y = 1 0 1
915 622 | -4 6 | 1203 374
-------------------------------------------------
idx = 15 | idx radius = 3
radius = 18
x = -1 0 1
y = 1 0 1
915 622 | -4 6 | 1175 354
-------------------------------------------------
idx = 15 | idx radius = 3
radius = 18
x = -1 0 1
y = 1 0 1
915 622 | -4 6 | 1146 335
-------------------------------------------------
idx = 15 | idx radius = 3
radius = 18
x = -1 0 1
y = -1 0 1
915 622 | -4 -4 | 1116 317
-------------------------------------------------
idx = 15 | idx radius = 3
radius = 18
x = -1 0 1
y = 1 0 1
915 622 | -4 6 | 1085 298
-------------------------------------------------
idx = 15 | idx radius = 3
radius = 18
x = -1 0 1
y = 1 0 1
915 622 | -4 6 | 1053 280
-------------------------------------------------
idx = 15 | idx radius = 3
radius = 18
x = 1 0 1
y = 1 0 1
915 622 | 6 6 | 1020 263
-------------------------------------------------
idx = 15 | idx radius = 3
radius = 18
x = -1 0 1
y = -1 0 1
915 622 | -4 -4 | 988 247
-------------------------------------------------
